<?xml version="1.0" encoding="UTF-8"?>
<!-- Generated by org.testng.reporters.JUnitXMLReporter -->
<testsuite ignored="0" hostname="DESKTOP-EDQM8R1" failures="0" tests="2" name="Test" time="3.801" errors="0" timestamp="2022-10-03T13:00:17 CDT">
  <testcase classname="GitJenkComLine.GitJenkComLine.JenkinsPractice" name="@BeforeTest setUp" time="0.001">
    <failure type="java.lang.NullPointerException" message="Cannot invoke &amp;quot;org.openqa.selenium.WebDriver.get(String)&amp;quot; because &amp;quot;this.driver&amp;quot; is null">
      <![CDATA[java.lang.NullPointerException: Cannot invoke "org.openqa.selenium.WebDriver.get(String)" because "this.driver" is null
at GitJenkComLine.GitJenkComLine.JenkinsPractice.setUp(JenkinsPractice.java:34)
... Removed 24 stack frames]]>
    </failure>
  </testcase> <!-- @BeforeTest setUp -->
  <testcase classname="GitJenkComLine.GitJenkComLine.CommandLineClass" name="@AfterTest tearDown" time="-1.664820017934E9">
    <skipped/>
  </testcase> <!-- @AfterTest tearDown -->
  <testcase classname="GitJenkComLine.GitJenkComLine.JenkinsPractice" name="@AfterTest tearDown" time="-1.664820017938E9">
    <skipped/>
  </testcase> <!-- @AfterTest tearDown -->
  <testcase classname="GitJenkComLine.GitJenkComLine.CommandLineClass" name="search" time="0.0">
    <skipped/>
  </testcase> <!-- search -->
  <testcase classname="GitJenkComLine.GitJenkComLine.JenkinsPractice" name="search" time="0.0">
    <skipped/>
  </testcase> <!-- search -->
</testsuite> <!-- Test -->
