<?xml version="1.0" encoding="UTF-8"?>
<testng-results ignored="0" total="1" passed="1" failed="0" skipped="0">
  <reporter-output>
  </reporter-output>
  <suite started-at="2022-10-03T13:09:25 CDT" name="Suite" finished-at="2022-10-03T13:09:31 CDT" duration-ms="5689">
    <groups>
    </groups>
    <test started-at="2022-10-03T13:09:25 CDT" name="Test" finished-at="2022-10-03T13:09:31 CDT" duration-ms="5689">
      <class name="GitJenkComLine.GitJenkComLine.JenkinsPractice">
        <test-method is-config="true" signature="setUp()[pri:0, instance:GitJenkComLine.GitJenkComLine.JenkinsPractice@58ea606c]" started-at="2022-10-03T13:09:25 CDT" name="setUp" finished-at="2022-10-03T13:09:31 CDT" duration-ms="5480" status="PASS">
          <reporter-output>
          </reporter-output>
        </test-method> <!-- setUp -->
        <test-method signature="search()[pri:0, instance:GitJenkComLine.GitJenkComLine.JenkinsPractice@58ea606c]" started-at="2022-10-03T13:09:31 CDT" name="search" finished-at="2022-10-03T13:09:31 CDT" duration-ms="169" status="PASS">
          <reporter-output>
          </reporter-output>
        </test-method> <!-- search -->
        <test-method is-config="true" signature="tearDown()[pri:0, instance:GitJenkComLine.GitJenkComLine.JenkinsPractice@58ea606c]" started-at="2022-10-03T13:09:31 CDT" name="tearDown" finished-at="2022-10-03T13:09:31 CDT" duration-ms="0" status="PASS">
          <reporter-output>
          </reporter-output>
        </test-method> <!-- tearDown -->
      </class> <!-- GitJenkComLine.GitJenkComLine.JenkinsPractice -->
    </test> <!-- Test -->
  </suite> <!-- Suite -->
</testng-results>
